# JRE version: Java(TM) SE Runtime Environment (11.0.1+13) (build 11.0.1+13-LTS)
# Java VM: Java HotSpot(TM) 64-Bit Server VM (11.0.1+13-LTS, mixed mode, tiered, compressed oops, g1 gc, bsd-amd64)
Heap:
 garbage-first heap   total 315392K, used 156792K [0x0000000700000000, 0x0000000800000000)
  region size 1024K, 148 young (151552K), 17 survivors (17408K)
 Metaspace       used 58548K, capacity 60154K, committed 60296K, reserved 1101824K
  class space    used 7598K, capacity 8231K, committed 8320K, reserved 1048576K
GC Heap History (10 events):
Event: 0.768 GC heap before
{Heap before GC invocations=0 (full 0):
 garbage-first heap   total 262144K, used 24576K [0x0000000700000000, 0x0000000800000000)
  region size 1024K, 24 young (24576K), 0 survivors (0K)
 Metaspace       used 14179K, capacity 14549K, committed 14720K, reserved 1062912K
  class space    used 1498K, capacity 1632K, committed 1664K, reserved 1048576K
}
Event: 0.773 GC heap after
{Heap after GC invocations=1 (full 0):
 garbage-first heap   total 262144K, used 6538K [0x0000000700000000, 0x0000000800000000)
  region size 1024K, 3 young (3072K), 3 survivors (3072K)
 Metaspace       used 14179K, capacity 14549K, committed 14720K, reserved 1062912K
  class space    used 1498K, capacity 1632K, committed 1664K, reserved 1048576K
}
Event: 1.049 GC heap before
{Heap before GC invocations=1 (full 0):
 garbage-first heap   total 262144K, used 85386K [0x0000000700000000, 0x0000000800000000)
  region size 1024K, 82 young (83968K), 3 survivors (3072K)
 Metaspace       used 20554K, capacity 21127K, committed 21296K, reserved 1069056K
  class space    used 2428K, capacity 2654K, committed 2688K, reserved 1048576K
}
Event: 1.055 GC heap after
{Heap after GC invocations=2 (full 0):
 garbage-first heap   total 262144K, used 8703K [0x0000000700000000, 0x0000000800000000)
  region size 1024K, 6 young (6144K), 6 survivors (6144K)
 Metaspace       used 20554K, capacity 21127K, committed 21296K, reserved 1069056K
  class space    used 2428K, capacity 2654K, committed 2688K, reserved 1048576K
}
Event: 1.519 GC heap before
{Heap before GC invocations=3 (full 0):
 garbage-first heap   total 262144K, used 90623K [0x0000000700000000, 0x0000000800000000)
  region size 1024K, 87 young (89088K), 6 survivors (6144K)
 Metaspace       used 28443K, capacity 29391K, committed 29616K, reserved 1075200K
  class space    used 3426K, capacity 3790K, committed 3840K, reserved 1048576K
}
Event: 1.525 GC heap after
{Heap after GC invocations=4 (full 0):
 garbage-first heap   total 262144K, used 11842K [0x0000000700000000, 0x0000000800000000)
  region size 1024K, 9 young (9216K), 9 survivors (9216K)
 Metaspace       used 28443K, capacity 29391K, committed 29616K, reserved 1075200K
  class space    used 3426K, capacity 3790K, committed 3840K, reserved 1048576K
}
Event: 2.187 GC heap before
{Heap before GC invocations=4 (full 0):
 garbage-first heap   total 262144K, used 117314K [0x0000000700000000, 0x0000000800000000)
  region size 1024K, 114 young (116736K), 9 survivors (9216K)
 Metaspace       used 34559K, capacity 35717K, committed 35920K, reserved 1081344K
  class space    used 4305K, capacity 4776K, committed 4864K, reserved 1048576K
}
Event: 2.208 GC heap after
{Heap after GC invocations=5 (full 0):
 garbage-first heap   total 262144K, used 16560K [0x0000000700000000, 0x0000000800000000)
  region size 1024K, 13 young (13312K), 13 survivors (13312K)
 Metaspace       used 34559K, capacity 35717K, committed 35920K, reserved 1081344K
  class space    used 4305K, capacity 4776K, committed 4864K, reserved 1048576K
}
Event: 2.822 GC heap before
{Heap before GC invocations=6 (full 0):
 garbage-first heap   total 262144K, used 158896K [0x0000000700000000, 0x0000000800000000)
  region size 1024K, 153 young (156672K), 13 survivors (13312K)
 Metaspace       used 44166K, capacity 45478K, committed 46032K, reserved 1089536K
  class space    used 5621K, capacity 6150K, committed 6272K, reserved 1048576K
}
Event: 2.842 GC heap after
{Heap after GC invocations=7 (full 0):
 garbage-first heap   total 315392K, used 23672K [0x0000000700000000, 0x0000000800000000)
  region size 1024K, 17 young (17408K), 17 survivors (17408K)
 Metaspace       used 44166K, capacity 45478K, committed 46032K, reserved 1089536K
  class space    used 5621K, capacity 6150K, committed 6272K, reserved 1048576K
}

