# JRE version: Java(TM) SE Runtime Environment (11.0.1+13) (build 11.0.1+13-LTS)
# Java VM: Java HotSpot(TM) 64-Bit Server VM (11.0.1+13-LTS, mixed mode, tiered, compressed oops, g1 gc, bsd-amd64)
Heap:
 garbage-first heap   total 315392K, used 151830K [0x0000000700000000, 0x0000000800000000)
  region size 1024K, 143 young (146432K), 17 survivors (17408K)
 Metaspace       used 58484K, capacity 60103K, committed 60296K, reserved 1101824K
  class space    used 7574K, capacity 8194K, committed 8248K, reserved 1048576K
GC Heap History (10 events):
Event: 0.730 GC heap before
{Heap before GC invocations=0 (full 0):
 garbage-first heap   total 262144K, used 24576K [0x0000000700000000, 0x0000000800000000)
  region size 1024K, 24 young (24576K), 0 survivors (0K)
 Metaspace       used 14191K, capacity 14549K, committed 14720K, reserved 1062912K
  class space    used 1497K, capacity 1632K, committed 1664K, reserved 1048576K
}
Event: 0.735 GC heap after
{Heap after GC invocations=1 (full 0):
 garbage-first heap   total 262144K, used 6452K [0x0000000700000000, 0x0000000800000000)
  region size 1024K, 3 young (3072K), 3 survivors (3072K)
 Metaspace       used 14191K, capacity 14549K, committed 14720K, reserved 1062912K
  class space    used 1497K, capacity 1632K, committed 1664K, reserved 1048576K
}
Event: 1.041 GC heap before
{Heap before GC invocations=1 (full 0):
 garbage-first heap   total 262144K, used 85300K [0x0000000700000000, 0x0000000800000000)
  region size 1024K, 82 young (83968K), 3 survivors (3072K)
 Metaspace       used 20572K, capacity 21154K, committed 21296K, reserved 1069056K
  class space    used 2427K, capacity 2646K, committed 2688K, reserved 1048576K
}
Event: 1.047 GC heap after
{Heap after GC invocations=2 (full 0):
 garbage-first heap   total 262144K, used 8454K [0x0000000700000000, 0x0000000800000000)
  region size 1024K, 5 young (5120K), 5 survivors (5120K)
 Metaspace       used 20572K, capacity 21154K, committed 21296K, reserved 1069056K
  class space    used 2427K, capacity 2646K, committed 2688K, reserved 1048576K
}
Event: 1.524 GC heap before
{Heap before GC invocations=3 (full 0):
 garbage-first heap   total 262144K, used 92422K [0x0000000700000000, 0x0000000800000000)
  region size 1024K, 88 young (90112K), 5 survivors (5120K)
 Metaspace       used 28508K, capacity 29391K, committed 29616K, reserved 1075200K
  class space    used 3426K, capacity 3790K, committed 3840K, reserved 1048576K
}
Event: 1.530 GC heap after
{Heap after GC invocations=4 (full 0):
 garbage-first heap   total 262144K, used 11751K [0x0000000700000000, 0x0000000800000000)
  region size 1024K, 9 young (9216K), 9 survivors (9216K)
 Metaspace       used 28508K, capacity 29391K, committed 29616K, reserved 1075200K
  class space    used 3426K, capacity 3790K, committed 3840K, reserved 1048576K
}
Event: 2.198 GC heap before
{Heap before GC invocations=4 (full 0):
 garbage-first heap   total 262144K, used 114151K [0x0000000700000000, 0x0000000800000000)
  region size 1024K, 111 young (113664K), 9 survivors (9216K)
 Metaspace       used 34621K, capacity 35783K, committed 35920K, reserved 1081344K
  class space    used 4303K, capacity 4776K, committed 4864K, reserved 1048576K
}
Event: 2.218 GC heap after
{Heap after GC invocations=5 (full 0):
 garbage-first heap   total 262144K, used 16434K [0x0000000700000000, 0x0000000800000000)
  region size 1024K, 10 young (10240K), 10 survivors (10240K)
 Metaspace       used 34621K, capacity 35783K, committed 35920K, reserved 1081344K
  class space    used 4303K, capacity 4776K, committed 4864K, reserved 1048576K
}
Event: 2.952 GC heap before
{Heap before GC invocations=6 (full 0):
 garbage-first heap   total 262144K, used 161842K [0x0000000700000000, 0x0000000800000000)
  region size 1024K, 153 young (156672K), 10 survivors (10240K)
 Metaspace       used 44590K, capacity 45963K, committed 46288K, reserved 1089536K
  class space    used 5660K, capacity 6183K, committed 6272K, reserved 1048576K
}
Event: 2.963 GC heap after
{Heap after GC invocations=7 (full 0):
 garbage-first heap   total 315392K, used 23830K [0x0000000700000000, 0x0000000800000000)
  region size 1024K, 17 young (17408K), 17 survivors (17408K)
 Metaspace       used 44590K, capacity 45963K, committed 46288K, reserved 1089536K
  class space    used 5660K, capacity 6183K, committed 6272K, reserved 1048576K
}

